2026-07-10 09:31:57,538 | INFO | ======================================================================
2026-07-10 09:31:57,538 | INFO | Machine Learning Pipeline Started
2026-07-10 09:31:57,538 | INFO | ======================================================================
2026-07-10 09:31:57,538 | INFO | Training models...
2026-07-10 09:31:58,322 | INFO | Training completed successfully.
2026-07-10 09:31:58,322 | INFO | Training Rows : 7000
2026-07-10 09:31:58,322 | INFO | Testing Rows : 3000
2026-07-10 09:31:58,322 | INFO | Evaluating models...
2026-07-10 09:31:58,417 | INFO | Evaluation completed.
2026-07-10 09:31:58,417 | INFO | Best Model : Logistic Regression
2026-07-10 09:31:58,417 | INFO | {
    "pipeline_status": "SUCCESS",
    "started_at": "2026-07-10T09:31:57.538657",
    "completed_at": "2026-07-10T09:31:58.417906",
    "duration_seconds": 0.88,
    "training_rows": 7000,
    "testing_rows": 3000,
    "best_model": "Logistic Regression",
    "logistic_accuracy": 0.8203,
    "random_forest_accuracy": 0.7503
}
2026-07-10 09:31:58,417 | INFO | ======================================================================
2026-07-10 09:31:58,417 | INFO | Machine Learning Pipeline Completed
2026-07-10 09:31:58,418 | INFO | ======================================================================
2026-07-10 09:34:18,758 | INFO | ======================================================================
2026-07-10 09:34:18,758 | INFO | Machine Learning Pipeline Started
2026-07-10 09:34:18,758 | INFO | ======================================================================
2026-07-10 09:34:18,759 | INFO | Training models...
2026-07-10 09:34:19,566 | INFO | Training completed successfully.
2026-07-10 09:34:19,567 | INFO | Training Rows : 7000
2026-07-10 09:34:19,567 | INFO | Testing Rows : 3000
2026-07-10 09:34:19,567 | INFO | Evaluating models...
2026-07-10 09:34:19,651 | INFO | Evaluation completed.
2026-07-10 09:34:19,651 | INFO | Best Model : Logistic Regression
2026-07-10 09:34:19,652 | INFO | {
    "pipeline_status": "SUCCESS",
    "started_at": "2026-07-10T09:34:18.757994",
    "completed_at": "2026-07-10T09:34:19.652183",
    "duration_seconds": 0.89,
    "training_rows": 7000,
    "testing_rows": 3000,
    "best_model": "Logistic Regression",
    "logistic_accuracy": 0.8203,
    "random_forest_accuracy": 0.7503
}
2026-07-10 09:34:19,652 | INFO | ======================================================================
2026-07-10 09:34:19,652 | INFO | Machine Learning Pipeline Completed
2026-07-10 09:34:19,652 | INFO | ======================================================================
2026-07-10 09:46:07,119 | INFO | ======================================================================
2026-07-10 09:46:07,119 | INFO | Machine Learning Pipeline Started
2026-07-10 09:46:07,119 | INFO | ======================================================================
2026-07-10 09:46:07,120 | INFO | Training models...
2026-07-10 09:46:39,732 | INFO | Training completed successfully.
2026-07-10 09:46:39,732 | INFO | Training Rows : 35000
2026-07-10 09:46:39,732 | INFO | Testing Rows : 15000
2026-07-10 09:46:39,732 | INFO | Evaluating models...
2026-07-10 09:46:39,914 | INFO | Evaluation completed.
2026-07-10 09:46:39,914 | INFO | Best Model : Logistic Regression
2026-07-10 09:46:39,914 | INFO | {
    "pipeline_status": "SUCCESS",
    "started_at": "2026-07-10T09:46:07.119094",
    "completed_at": "2026-07-10T09:46:39.914799",
    "duration_seconds": 32.8,
    "training_rows": 35000,
    "testing_rows": 15000,
    "best_model": "Logistic Regression",
    "logistic_accuracy": 0.7998,
    "random_forest_accuracy": 0.6735
}
2026-07-10 09:46:39,915 | INFO | ======================================================================
2026-07-10 09:46:39,915 | INFO | Machine Learning Pipeline Completed
2026-07-10 09:46:39,915 | INFO | ======================================================================
2026-07-10 09:48:59,890 | INFO | ======================================================================
2026-07-10 09:48:59,890 | INFO | Machine Learning Pipeline Started
2026-07-10 09:48:59,890 | INFO | ======================================================================
2026-07-10 09:48:59,891 | INFO | Training models...
2026-07-10 09:49:49,630 | INFO | Training completed successfully.
2026-07-10 09:49:49,631 | INFO | Training Rows : 35000
2026-07-10 09:49:49,631 | INFO | Testing Rows : 15000
2026-07-10 09:49:49,631 | INFO | Evaluating models...
2026-07-10 09:49:49,808 | INFO | Evaluation completed.
2026-07-10 09:49:49,809 | INFO | Best Model : Logistic Regression
2026-07-10 09:49:49,809 | INFO | {
    "pipeline_status": "SUCCESS",
    "started_at": "2026-07-10T09:48:59.890395",
    "completed_at": "2026-07-10T09:49:49.809302",
    "duration_seconds": 49.92,
    "training_rows": 35000,
    "testing_rows": 15000,
    "best_model": "Logistic Regression",
    "logistic_accuracy": 0.799,
    "random_forest_accuracy": 0.6735
}
2026-07-10 09:49:49,809 | INFO | ======================================================================
2026-07-10 09:49:49,809 | INFO | Machine Learning Pipeline Completed
2026-07-10 09:49:49,809 | INFO | ======================================================================
2026-07-10 10:08:40,159 | INFO | ======================================================================
2026-07-10 10:08:40,159 | INFO | Machine Learning Pipeline Started
2026-07-10 10:08:40,159 | INFO | ======================================================================
2026-07-10 10:08:40,160 | INFO | Training models...
2026-07-10 10:09:32,609 | INFO | Training completed successfully.
2026-07-10 10:09:32,610 | INFO | Training Rows : 35000
2026-07-10 10:09:32,610 | INFO | Testing Rows : 15000
2026-07-10 10:09:32,610 | INFO | Evaluating models...
2026-07-10 10:09:32,789 | INFO | Evaluation completed.
2026-07-10 10:09:32,789 | INFO | Best Model : Logistic Regression
2026-07-10 10:09:32,789 | INFO | {
    "pipeline_status": "SUCCESS",
    "started_at": "2026-07-10T10:08:40.159167",
    "completed_at": "2026-07-10T10:09:32.789808",
    "duration_seconds": 52.63,
    "training_rows": 35000,
    "testing_rows": 15000,
    "best_model": "Logistic Regression",
    "logistic_accuracy": 0.799,
    "random_forest_accuracy": 0.6735
}
2026-07-10 10:09:32,790 | INFO | ======================================================================
2026-07-10 10:09:32,790 | INFO | Machine Learning Pipeline Completed
2026-07-10 10:09:32,790 | INFO | ======================================================================
2026-07-10 10:10:31,235 | INFO | ======================================================================
2026-07-10 10:10:31,236 | INFO | Machine Learning Pipeline Started
2026-07-10 10:10:31,236 | INFO | ======================================================================
2026-07-10 10:10:31,237 | INFO | Training models...
2026-07-10 10:11:43,608 | INFO | Training completed successfully.
2026-07-10 10:11:43,608 | INFO | Training Rows : 35000
2026-07-10 10:11:43,608 | INFO | Testing Rows : 15000
2026-07-10 10:11:43,609 | INFO | Evaluating models...
2026-07-10 10:11:43,788 | INFO | Evaluation completed.
2026-07-10 10:11:43,788 | INFO | Best Model : Logistic Regression
2026-07-10 10:11:43,788 | INFO | {
    "pipeline_status": "SUCCESS",
    "started_at": "2026-07-10T10:10:31.235905",
    "completed_at": "2026-07-10T10:11:43.788748",
    "duration_seconds": 72.55,
    "training_rows": 35000,
    "testing_rows": 15000,
    "best_model": "Logistic Regression",
    "logistic_accuracy": 0.799,
    "random_forest_accuracy": 0.6735
}
2026-07-10 10:11:43,789 | INFO | ======================================================================
2026-07-10 10:11:43,789 | INFO | Machine Learning Pipeline Completed
2026-07-10 10:11:43,789 | INFO | ======================================================================
2026-07-10 10:12:32,701 | INFO | ======================================================================
2026-07-10 10:12:32,702 | INFO | Machine Learning Pipeline Started
2026-07-10 10:12:32,702 | INFO | ======================================================================
2026-07-10 10:12:32,703 | INFO | Training models...
2026-07-10 10:13:45,213 | INFO | Training completed successfully.
2026-07-10 10:13:45,214 | INFO | Training Rows : 35000
2026-07-10 10:13:45,214 | INFO | Testing Rows : 15000
2026-07-10 10:13:45,214 | INFO | Evaluating models...
2026-07-10 10:13:45,389 | INFO | Evaluation completed.
2026-07-10 10:13:45,389 | INFO | Best Model : Logistic Regression
2026-07-10 10:13:45,389 | INFO | {
    "pipeline_status": "SUCCESS",
    "started_at": "2026-07-10T10:12:32.701846",
    "completed_at": "2026-07-10T10:13:45.389817",
    "duration_seconds": 72.69,
    "training_rows": 35000,
    "testing_rows": 15000,
    "best_model": "Logistic Regression",
    "logistic_accuracy": 0.799,
    "random_forest_accuracy": 0.6735
}
2026-07-10 10:13:45,390 | INFO | ======================================================================
2026-07-10 10:13:45,390 | INFO | Machine Learning Pipeline Completed
2026-07-10 10:13:45,390 | INFO | ======================================================================
2026-07-10 10:14:33,340 | INFO | ======================================================================
2026-07-10 10:14:33,340 | INFO | Machine Learning Pipeline Started
2026-07-10 10:14:33,340 | INFO | ======================================================================
2026-07-10 10:14:33,340 | INFO | Training models...
2026-07-10 10:15:45,129 | INFO | Training completed successfully.
2026-07-10 10:15:45,129 | INFO | Training Rows : 35000
2026-07-10 10:15:45,129 | INFO | Testing Rows : 15000
2026-07-10 10:15:45,129 | INFO | Evaluating models...
2026-07-10 10:15:45,306 | INFO | Evaluation completed.
2026-07-10 10:15:45,306 | INFO | Best Model : Logistic Regression
2026-07-10 10:15:45,306 | INFO | {
    "pipeline_status": "SUCCESS",
    "started_at": "2026-07-10T10:14:33.340159",
    "completed_at": "2026-07-10T10:15:45.306409",
    "duration_seconds": 71.97,
    "training_rows": 35000,
    "testing_rows": 15000,
    "best_model": "Logistic Regression",
    "logistic_accuracy": 0.799,
    "random_forest_accuracy": 0.6735
}
2026-07-10 10:15:45,306 | INFO | ======================================================================
2026-07-10 10:15:45,306 | INFO | Machine Learning Pipeline Completed
2026-07-10 10:15:45,306 | INFO | ======================================================================
2026-07-10 10:16:35,786 | INFO | ======================================================================
2026-07-10 10:16:35,787 | INFO | Machine Learning Pipeline Started
2026-07-10 10:16:35,787 | INFO | ======================================================================
2026-07-10 10:16:35,787 | INFO | Training models...
2026-07-10 10:17:47,206 | INFO | Training completed successfully.
2026-07-10 10:17:47,207 | INFO | Training Rows : 35000
2026-07-10 10:17:47,207 | INFO | Testing Rows : 15000
2026-07-10 10:17:47,207 | INFO | Evaluating models...
2026-07-10 10:17:47,384 | INFO | Evaluation completed.
2026-07-10 10:17:47,385 | INFO | Best Model : Logistic Regression
2026-07-10 10:17:47,385 | INFO | {
    "pipeline_status": "SUCCESS",
    "started_at": "2026-07-10T10:16:35.786422",
    "completed_at": "2026-07-10T10:17:47.385196",
    "duration_seconds": 71.6,
    "training_rows": 35000,
    "testing_rows": 15000,
    "best_model": "Logistic Regression",
    "logistic_accuracy": 0.799,
    "random_forest_accuracy": 0.6735
}
2026-07-10 10:17:47,385 | INFO | ======================================================================
2026-07-10 10:17:47,385 | INFO | Machine Learning Pipeline Completed
2026-07-10 10:17:47,385 | INFO | ======================================================================
2026-07-10 10:18:35,850 | INFO | ======================================================================
2026-07-10 10:18:35,851 | INFO | Machine Learning Pipeline Started
2026-07-10 10:18:35,851 | INFO | ======================================================================
2026-07-10 10:18:35,851 | INFO | Training models...
2026-07-10 10:19:46,733 | INFO | Training completed successfully.
2026-07-10 10:19:46,734 | INFO | Training Rows : 35000
2026-07-10 10:19:46,734 | INFO | Testing Rows : 15000
2026-07-10 10:19:46,734 | INFO | Evaluating models...
2026-07-10 10:19:46,904 | INFO | Evaluation completed.
2026-07-10 10:19:46,904 | INFO | Best Model : Logistic Regression
2026-07-10 10:19:46,904 | INFO | {
    "pipeline_status": "SUCCESS",
    "started_at": "2026-07-10T10:18:35.850814",
    "completed_at": "2026-07-10T10:19:46.904624",
    "duration_seconds": 71.05,
    "training_rows": 35000,
    "testing_rows": 15000,
    "best_model": "Logistic Regression",
    "logistic_accuracy": 0.799,
    "random_forest_accuracy": 0.6735
}
2026-07-10 10:19:46,904 | INFO | ======================================================================
2026-07-10 10:19:46,905 | INFO | Machine Learning Pipeline Completed
2026-07-10 10:19:46,905 | INFO | ======================================================================
2026-07-10 10:20:37,897 | INFO | ======================================================================
2026-07-10 10:20:37,897 | INFO | Machine Learning Pipeline Started
2026-07-10 10:20:37,898 | INFO | ======================================================================
2026-07-10 10:20:37,898 | INFO | Training models...
2026-07-10 10:21:50,072 | INFO | Training completed successfully.
2026-07-10 10:21:50,072 | INFO | Training Rows : 35000
2026-07-10 10:21:50,072 | INFO | Testing Rows : 15000
2026-07-10 10:21:50,072 | INFO | Evaluating models...
2026-07-10 10:21:50,248 | INFO | Evaluation completed.
2026-07-10 10:21:50,249 | INFO | Best Model : Logistic Regression
2026-07-10 10:21:50,249 | INFO | {
    "pipeline_status": "SUCCESS",
    "started_at": "2026-07-10T10:20:37.897348",
    "completed_at": "2026-07-10T10:21:50.249241",
    "duration_seconds": 72.35,
    "training_rows": 35000,
    "testing_rows": 15000,
    "best_model": "Logistic Regression",
    "logistic_accuracy": 0.799,
    "random_forest_accuracy": 0.6735
}
2026-07-10 10:21:50,249 | INFO | ======================================================================
2026-07-10 10:21:50,249 | INFO | Machine Learning Pipeline Completed
2026-07-10 10:21:50,249 | INFO | ======================================================================
2026-07-10 10:22:33,653 | INFO | ======================================================================
2026-07-10 10:22:33,653 | INFO | Machine Learning Pipeline Started
2026-07-10 10:22:33,653 | INFO | ======================================================================
2026-07-10 10:22:33,654 | INFO | Training models...
2026-07-10 10:23:45,619 | INFO | Training completed successfully.
2026-07-10 10:23:45,620 | INFO | Training Rows : 35000
2026-07-10 10:23:45,620 | INFO | Testing Rows : 15000
2026-07-10 10:23:45,620 | INFO | Evaluating models...
2026-07-10 10:23:45,798 | INFO | Evaluation completed.
2026-07-10 10:23:45,798 | INFO | Best Model : Logistic Regression
2026-07-10 10:23:45,798 | INFO | {
    "pipeline_status": "SUCCESS",
    "started_at": "2026-07-10T10:22:33.653132",
    "completed_at": "2026-07-10T10:23:45.798559",
    "duration_seconds": 72.15,
    "training_rows": 35000,
    "testing_rows": 15000,
    "best_model": "Logistic Regression",
    "logistic_accuracy": 0.799,
    "random_forest_accuracy": 0.6735
}
2026-07-10 10:23:45,798 | INFO | ======================================================================
2026-07-10 10:23:45,798 | INFO | Machine Learning Pipeline Completed
2026-07-10 10:23:45,799 | INFO | ======================================================================
2026-07-10 10:24:33,050 | INFO | ======================================================================
2026-07-10 10:24:33,050 | INFO | Machine Learning Pipeline Started
2026-07-10 10:24:33,051 | INFO | ======================================================================
2026-07-10 10:24:33,051 | INFO | Training models...
2026-07-10 10:25:42,861 | INFO | Training completed successfully.
2026-07-10 10:25:42,862 | INFO | Training Rows : 35000
2026-07-10 10:25:42,862 | INFO | Testing Rows : 15000
2026-07-10 10:25:42,862 | INFO | Evaluating models...
2026-07-10 10:25:43,034 | INFO | Evaluation completed.
2026-07-10 10:25:43,034 | INFO | Best Model : Logistic Regression
2026-07-10 10:25:43,034 | INFO | {
    "pipeline_status": "SUCCESS",
    "started_at": "2026-07-10T10:24:33.050375",
    "completed_at": "2026-07-10T10:25:43.034616",
    "duration_seconds": 69.98,
    "training_rows": 35000,
    "testing_rows": 15000,
    "best_model": "Logistic Regression",
    "logistic_accuracy": 0.799,
    "random_forest_accuracy": 0.6735
}
2026-07-10 10:25:43,034 | INFO | ======================================================================
2026-07-10 10:25:43,035 | INFO | Machine Learning Pipeline Completed
2026-07-10 10:25:43,035 | INFO | ======================================================================
2026-07-10 10:26:31,388 | INFO | ======================================================================
2026-07-10 10:26:31,388 | INFO | Machine Learning Pipeline Started
2026-07-10 10:26:31,389 | INFO | ======================================================================
2026-07-10 10:26:31,389 | INFO | Training models...
2026-07-10 10:27:41,298 | INFO | Training completed successfully.
2026-07-10 10:27:41,299 | INFO | Training Rows : 35000
2026-07-10 10:27:41,299 | INFO | Testing Rows : 15000
2026-07-10 10:27:41,299 | INFO | Evaluating models...
2026-07-10 10:27:41,477 | INFO | Evaluation completed.
2026-07-10 10:27:41,477 | INFO | Best Model : Logistic Regression
2026-07-10 10:27:41,477 | INFO | {
    "pipeline_status": "SUCCESS",
    "started_at": "2026-07-10T10:26:31.388222",
    "completed_at": "2026-07-10T10:27:41.477439",
    "duration_seconds": 70.09,
    "training_rows": 35000,
    "testing_rows": 15000,
    "best_model": "Logistic Regression",
    "logistic_accuracy": 0.799,
    "random_forest_accuracy": 0.6735
}
2026-07-10 10:27:41,477 | INFO | ======================================================================
2026-07-10 10:27:41,477 | INFO | Machine Learning Pipeline Completed
2026-07-10 10:27:41,477 | INFO | ======================================================================
2026-07-10 10:28:28,218 | INFO | ======================================================================
2026-07-10 10:28:28,218 | INFO | Machine Learning Pipeline Started
2026-07-10 10:28:28,218 | INFO | ======================================================================
2026-07-10 10:28:28,218 | INFO | Training models...
2026-07-10 10:29:39,020 | INFO | Training completed successfully.
2026-07-10 10:29:39,020 | INFO | Training Rows : 35000
2026-07-10 10:29:39,021 | INFO | Testing Rows : 15000
2026-07-10 10:29:39,021 | INFO | Evaluating models...
2026-07-10 10:29:39,228 | INFO | Evaluation completed.
2026-07-10 10:29:39,228 | INFO | Best Model : Logistic Regression
2026-07-10 10:29:39,228 | INFO | {
    "pipeline_status": "SUCCESS",
    "started_at": "2026-07-10T10:28:28.218200",
    "completed_at": "2026-07-10T10:29:39.228939",
    "duration_seconds": 71.01,
    "training_rows": 35000,
    "testing_rows": 15000,
    "best_model": "Logistic Regression",
    "logistic_accuracy": 0.799,
    "random_forest_accuracy": 0.6735
}
2026-07-10 10:29:39,229 | INFO | ======================================================================
2026-07-10 10:29:39,229 | INFO | Machine Learning Pipeline Completed
2026-07-10 10:29:39,229 | INFO | ======================================================================
2026-07-10 10:30:40,896 | INFO | ======================================================================
2026-07-10 10:30:40,896 | INFO | Machine Learning Pipeline Started
2026-07-10 10:30:40,897 | INFO | ======================================================================
2026-07-10 10:30:40,897 | INFO | Training models...
2026-07-10 10:31:50,755 | INFO | Training completed successfully.
2026-07-10 10:31:50,756 | INFO | Training Rows : 35000
2026-07-10 10:31:50,757 | INFO | Testing Rows : 15000
2026-07-10 10:31:50,757 | INFO | Evaluating models...
2026-07-10 10:31:50,929 | INFO | Evaluation completed.
2026-07-10 10:31:50,929 | INFO | Best Model : Logistic Regression
2026-07-10 10:31:50,929 | INFO | {
    "pipeline_status": "SUCCESS",
    "started_at": "2026-07-10T10:30:40.896423",
    "completed_at": "2026-07-10T10:31:50.929451",
    "duration_seconds": 70.03,
    "training_rows": 35000,
    "testing_rows": 15000,
    "best_model": "Logistic Regression",
    "logistic_accuracy": 0.799,
    "random_forest_accuracy": 0.6735
}
2026-07-10 10:31:50,929 | INFO | ======================================================================
2026-07-10 10:31:50,929 | INFO | Machine Learning Pipeline Completed
2026-07-10 10:31:50,929 | INFO | ======================================================================
2026-07-10 10:32:36,011 | INFO | ======================================================================
2026-07-10 10:32:36,011 | INFO | Machine Learning Pipeline Started
2026-07-10 10:32:36,011 | INFO | ======================================================================
2026-07-10 10:32:36,011 | INFO | Training models...
2026-07-10 10:33:47,999 | INFO | Training completed successfully.
2026-07-10 10:33:47,999 | INFO | Training Rows : 35000
2026-07-10 10:33:47,999 | INFO | Testing Rows : 15000
2026-07-10 10:33:47,999 | INFO | Evaluating models...
2026-07-10 10:33:48,175 | INFO | Evaluation completed.
2026-07-10 10:33:48,175 | INFO | Best Model : Logistic Regression
2026-07-10 10:33:48,176 | INFO | {
    "pipeline_status": "SUCCESS",
    "started_at": "2026-07-10T10:32:36.011001",
    "completed_at": "2026-07-10T10:33:48.176001",
    "duration_seconds": 72.17,
    "training_rows": 35000,
    "testing_rows": 15000,
    "best_model": "Logistic Regression",
    "logistic_accuracy": 0.799,
    "random_forest_accuracy": 0.6735
}
2026-07-10 10:33:48,176 | INFO | ======================================================================
2026-07-10 10:33:48,176 | INFO | Machine Learning Pipeline Completed
2026-07-10 10:33:48,176 | INFO | ======================================================================
2026-07-10 10:34:35,103 | INFO | ======================================================================
2026-07-10 10:34:35,104 | INFO | Machine Learning Pipeline Started
2026-07-10 10:34:35,104 | INFO | ======================================================================
2026-07-10 10:34:35,104 | INFO | Training models...
2026-07-10 10:35:46,072 | INFO | Training completed successfully.
2026-07-10 10:35:46,072 | INFO | Training Rows : 35000
2026-07-10 10:35:46,072 | INFO | Testing Rows : 15000
2026-07-10 10:35:46,072 | INFO | Evaluating models...
2026-07-10 10:35:46,248 | INFO | Evaluation completed.
2026-07-10 10:35:46,248 | INFO | Best Model : Logistic Regression
2026-07-10 10:35:46,249 | INFO | {
    "pipeline_status": "SUCCESS",
    "started_at": "2026-07-10T10:34:35.103934",
    "completed_at": "2026-07-10T10:35:46.249043",
    "duration_seconds": 71.15,
    "training_rows": 35000,
    "testing_rows": 15000,
    "best_model": "Logistic Regression",
    "logistic_accuracy": 0.799,
    "random_forest_accuracy": 0.6735
}
2026-07-10 10:35:46,249 | INFO | ======================================================================
2026-07-10 10:35:46,249 | INFO | Machine Learning Pipeline Completed
2026-07-10 10:35:46,249 | INFO | ======================================================================
2026-07-10 10:36:33,614 | INFO | ======================================================================
2026-07-10 10:36:33,614 | INFO | Machine Learning Pipeline Started
2026-07-10 10:36:33,614 | INFO | ======================================================================
2026-07-10 10:36:33,615 | INFO | Training models...
2026-07-10 10:37:44,345 | INFO | Training completed successfully.
2026-07-10 10:37:44,346 | INFO | Training Rows : 35000
2026-07-10 10:37:44,346 | INFO | Testing Rows : 15000
2026-07-10 10:37:44,346 | INFO | Evaluating models...
2026-07-10 10:37:44,521 | INFO | Evaluation completed.
2026-07-10 10:37:44,521 | INFO | Best Model : Logistic Regression
2026-07-10 10:37:44,522 | INFO | {
    "pipeline_status": "SUCCESS",
    "started_at": "2026-07-10T10:36:33.614069",
    "completed_at": "2026-07-10T10:37:44.522033",
    "duration_seconds": 70.91,
    "training_rows": 35000,
    "testing_rows": 15000,
    "best_model": "Logistic Regression",
    "logistic_accuracy": 0.799,
    "random_forest_accuracy": 0.6735
}
2026-07-10 10:37:44,522 | INFO | ======================================================================
2026-07-10 10:37:44,522 | INFO | Machine Learning Pipeline Completed
2026-07-10 10:37:44,522 | INFO | ======================================================================
2026-07-10 10:38:37,080 | INFO | ======================================================================
2026-07-10 10:38:37,081 | INFO | Machine Learning Pipeline Started
2026-07-10 10:38:37,081 | INFO | ======================================================================
2026-07-10 10:38:37,081 | INFO | Training models...
2026-07-10 10:39:48,402 | INFO | Training completed successfully.
2026-07-10 10:39:48,403 | INFO | Training Rows : 35000
2026-07-10 10:39:48,403 | INFO | Testing Rows : 15000
2026-07-10 10:39:48,403 | INFO | Evaluating models...
2026-07-10 10:39:48,596 | INFO | Evaluation completed.
2026-07-10 10:39:48,596 | INFO | Best Model : Logistic Regression
2026-07-10 10:39:48,596 | INFO | {
    "pipeline_status": "SUCCESS",
    "started_at": "2026-07-10T10:38:37.080551",
    "completed_at": "2026-07-10T10:39:48.596582",
    "duration_seconds": 71.52,
    "training_rows": 35000,
    "testing_rows": 15000,
    "best_model": "Logistic Regression",
    "logistic_accuracy": 0.799,
    "random_forest_accuracy": 0.6735
}
2026-07-10 10:39:48,596 | INFO | ======================================================================
2026-07-10 10:39:48,597 | INFO | Machine Learning Pipeline Completed
2026-07-10 10:39:48,597 | INFO | ======================================================================
2026-07-10 10:40:34,554 | INFO | ======================================================================
2026-07-10 10:40:34,554 | INFO | Machine Learning Pipeline Started
2026-07-10 10:40:34,554 | INFO | ======================================================================
2026-07-10 10:40:34,555 | INFO | Training models...
2026-07-10 10:41:45,747 | INFO | Training completed successfully.
2026-07-10 10:41:45,748 | INFO | Training Rows : 35000
2026-07-10 10:41:45,748 | INFO | Testing Rows : 15000
2026-07-10 10:41:45,748 | INFO | Evaluating models...
2026-07-10 10:41:45,929 | INFO | Evaluation completed.
2026-07-10 10:41:45,930 | INFO | Best Model : Logistic Regression
2026-07-10 10:41:45,930 | INFO | {
    "pipeline_status": "SUCCESS",
    "started_at": "2026-07-10T10:40:34.554242",
    "completed_at": "2026-07-10T10:41:45.930334",
    "duration_seconds": 71.38,
    "training_rows": 35000,
    "testing_rows": 15000,
    "best_model": "Logistic Regression",
    "logistic_accuracy": 0.799,
    "random_forest_accuracy": 0.6735
}
2026-07-10 10:41:45,930 | INFO | ======================================================================
2026-07-10 10:41:45,930 | INFO | Machine Learning Pipeline Completed
2026-07-10 10:41:45,930 | INFO | ======================================================================
